This is pdfTeX, Version 3.14159265-2.6-1.40.21 (MiKTeX 20.10) (preloaded format=pdflatex 2022.3.26)  20 APR 2022 09:14
entering extended mode
**c:/Users/abrah/OneDrive/Documents/Code/latex/L01_Lipa_Calabilla/informe.tex
(c:/Users/abrah/OneDrive/Documents/Code/latex/L01_Lipa_Calabilla/informe.tex
LaTeX2e <2020-10-01> patch level 1
L3 programming layer <2020-10-05> xparse <2020-03-03> ("C:\Program Files\MiKTeX\tex/latex/base\article.cls"
Document Class: article 2020/04/10 v1.4m Standard LaTeX document class
("C:\Program Files\MiKTeX\tex/latex/base\size12.clo"
File: size12.clo 2020/04/10 v1.4m Standard LaTeX file (size option)
)
\c@part=\count175
\c@section=\count176
\c@subsection=\count177
\c@subsubsection=\count178
\c@paragraph=\count179
\c@subparagraph=\count180
\c@figure=\count181
\c@table=\count182
\abovecaptionskip=\skip47
\belowcaptionskip=\skip48
\bibindent=\dimen138
) ("C:\Program Files\MiKTeX\tex/latex/base\inputenc.sty"
Package: inputenc 2020/08/01 v1.3d Input encoding file
\inpenc@prehook=\toks15
\inpenc@posthook=\toks16
) ("C:\Program Files\MiKTeX\tex/generic/babel\babel.sty"
Package: babel 2020/10/06 3.50 The Babel package
 ("C:\Program Files\MiKTeX\tex/generic/babel\babel.def"
File: babel.def 2020/10/06 3.50 Babel common definitions
\babel@savecnt=\count183
\U@D=\dimen139
\l@babelnohyphens=\language79
 ("C:\Program Files\MiKTeX\tex/generic/babel\txtbabel.def")
\bbl@readstream=\read2
)
\bbl@dirlevel=\count184

*************************************
* Local config file bblopts.cfg used
*
("C:\Program Files\MiKTeX\tex/latex/arabi\bblopts.cfg"
File: bblopts.cfg 2005/09/08 v0.1 add Arabic and Farsi to "declared" options of babel
) ("C:\Program Files\MiKTeX\tex/latex/babel-spanish\spanish.ldf"
Language: spanish.ldf 2021/05/27 v5.0q Spanish support from the babel system
\es@quottoks=\toks17
\es@quotdepth=\count185
Package babel Info: Making " an active character on input line 570.
Package babel Info: Making . an active character on input line 675.
Package babel Info: Making < an active character on input line 722.
Package babel Info: Making > an active character on input line 722.
)) ("C:\Program Files\MiKTeX\tex/latex/graphics\graphicx.sty"
Package: graphicx 2020/09/09 v1.2b Enhanced LaTeX Graphics (DPC,SPQR)
 ("C:\Program Files\MiKTeX\tex/latex/graphics\keyval.sty"
Package: keyval 2014/10/28 v1.15 key=value parser (DPC)
\KV@toks@=\toks18
) ("C:\Program Files\MiKTeX\tex/latex/graphics\graphics.sty"
Package: graphics 2020/08/30 v1.4c Standard LaTeX Graphics (DPC,SPQR)
 ("C:\Program Files\MiKTeX\tex/latex/graphics\trig.sty"
Package: trig 2016/01/03 v1.10 sin cos tan (DPC)
) ("C:\Program Files\MiKTeX\tex/latex/graphics-cfg\graphics.cfg"
File: graphics.cfg 2016/06/04 v1.11 sample graphics configuration
)
Package graphics Info: Driver file: pdftex.def on input line 105.
 ("C:\Program Files\MiKTeX\tex/latex/graphics-def\pdftex.def"
File: pdftex.def 2020/10/05 v1.2a Graphics/color driver for pdftex
))
\Gin@req@height=\dimen140
\Gin@req@width=\dimen141
) ("C:\Program Files\MiKTeX\tex/latex/hyperref\hyperref.sty"
Package: hyperref 2020-05-15 v7.00e Hypertext links for LaTeX
 ("C:\Program Files\MiKTeX\tex/generic/ltxcmds\ltxcmds.sty"
Package: ltxcmds 2020-05-10 v1.25 LaTeX kernel commands for general use (HO)
) ("C:\Program Files\MiKTeX\tex/generic/iftex\iftex.sty"
Package: iftex 2020/03/06 v1.0d TeX engine tests
) ("C:\Program Files\MiKTeX\tex/generic/pdftexcmds\pdftexcmds.sty"
Package: pdftexcmds 2020-06-27 v0.33 Utility functions of pdfTeX for LuaTeX (HO)
 ("C:\Program Files\MiKTeX\tex/generic/infwarerr\infwarerr.sty"
Package: infwarerr 2019/12/03 v1.5 Providing info/warning/error messages (HO)
)
Package pdftexcmds Info: \pdf@primitive is available.
Package pdftexcmds Info: \pdf@ifprimitive is available.
Package pdftexcmds Info: \pdfdraftmode found.
) ("C:\Program Files\MiKTeX\tex/generic/kvsetkeys\kvsetkeys.sty"
Package: kvsetkeys 2019/12/15 v1.18 Key value parser (HO)
) ("C:\Program Files\MiKTeX\tex/generic/kvdefinekeys\kvdefinekeys.sty"
Package: kvdefinekeys 2019-12-19 v1.6 Define keys (HO)
) ("C:\Program Files\MiKTeX\tex/generic/pdfescape\pdfescape.sty"
Package: pdfescape 2019/12/09 v1.15 Implements pdfTeX's escape features (HO)
) ("C:\Program Files\MiKTeX\tex/latex/hycolor\hycolor.sty"
Package: hycolor 2020-01-27 v1.10 Color options for hyperref/bookmark (HO)
) ("C:\Program Files\MiKTeX\tex/latex/letltxmacro\letltxmacro.sty"
Package: letltxmacro 2019/12/03 v1.6 Let assignment for LaTeX macros (HO)
) ("C:\Program Files\MiKTeX\tex/latex/auxhook\auxhook.sty"
Package: auxhook 2019-12-17 v1.6 Hooks for auxiliary files (HO)
) ("C:\Program Files\MiKTeX\tex/latex/kvoptions\kvoptions.sty"
Package: kvoptions 2020-10-07 v3.14 Key value format for package options (HO)
)
\@linkdim=\dimen142
\Hy@linkcounter=\count186
\Hy@pagecounter=\count187
 ("C:\Program Files\MiKTeX\tex/latex/hyperref\pd1enc.def"
File: pd1enc.def 2020-05-15 v7.00e Hyperref: PDFDocEncoding definition (HO)
Now handling font encoding PD1 ...
... no UTF-8 mapping file for font encoding PD1
) ("C:\Program Files\MiKTeX\tex/generic/intcalc\intcalc.sty"
Package: intcalc 2019/12/15 v1.3 Expandable calculations with integers (HO)
) ("C:\Program Files\MiKTeX\tex/generic/etexcmds\etexcmds.sty"
Package: etexcmds 2019/12/15 v1.7 Avoid name clashes with e-TeX commands (HO)
)
\Hy@SavedSpaceFactor=\count188
Package hyperref Info: Hyper figures OFF on input line 4464.
Package hyperref Info: Link nesting OFF on input line 4469.
Package hyperref Info: Hyper index ON on input line 4472.
Package hyperref Info: Plain pages OFF on input line 4479.
Package hyperref Info: Backreferencing OFF on input line 4484.
Package hyperref Info: Implicit mode ON; LaTeX internals redefined.
Package hyperref Info: Bookmarks ON on input line 4717.
\c@Hy@tempcnt=\count189
 ("C:\Program Files\MiKTeX\tex/latex/url\url.sty"
\Urlmuskip=\muskip16
Package: url 2013/09/16  ver 3.4  Verb mode for urls, etc.
)
LaTeX Info: Redefining \url on input line 5076.
\XeTeXLinkMargin=\dimen143
 ("C:\Program Files\MiKTeX\tex/generic/bitset\bitset.sty"
Package: bitset 2019/12/09 v1.3 Handle bit-vector datatype (HO)
 ("C:\Program Files\MiKTeX\tex/generic/bigintcalc\bigintcalc.sty"
Package: bigintcalc 2019/12/15 v1.5 Expandable calculations on big integers (HO)
))
\Fld@menulength=\count190
\Field@Width=\dimen144
\Fld@charsize=\dimen145
Package hyperref Info: Hyper figures OFF on input line 6347.
Package hyperref Info: Link nesting OFF on input line 6352.
Package hyperref Info: Hyper index ON on input line 6355.
Package hyperref Info: backreferencing OFF on input line 6362.
Package hyperref Info: Link coloring OFF on input line 6367.
Package hyperref Info: Link coloring with OCG OFF on input line 6372.
Package hyperref Info: PDF/A mode OFF on input line 6377.
LaTeX Info: Redefining \ref on input line 6417.
LaTeX Info: Redefining \pageref on input line 6421.
 ("C:\Program Files\MiKTeX\tex/latex/base\atbegshi-ltx.sty"
Package: atbegshi-ltx 2020/08/17 v1.0a Emulation of the original atbegshi package
with kernel methods
)
\Hy@abspage=\count191
\c@Item=\count192
\c@Hfootnote=\count193
)
Package hyperref Info: Driver (autodetected): hpdftex.
 ("C:\Program Files\MiKTeX\tex/latex/hyperref\hpdftex.def"
File: hpdftex.def 2020-05-15 v7.00e Hyperref driver for pdfTeX
 ("C:\Program Files\MiKTeX\tex/latex/base\atveryend-ltx.sty"
Package: atveryend-ltx 2020/08/19 v1.0a Emulation of the original atvery package
with kernel methods
)
\Fld@listcount=\count194
\c@bookmark@seq@number=\count195
 ("C:\Program Files\MiKTeX\tex/latex/rerunfilecheck\rerunfilecheck.sty"
Package: rerunfilecheck 2019/12/05 v1.9 Rerun checks for auxiliary files (HO)
 ("C:\Program Files\MiKTeX\tex/generic/uniquecounter\uniquecounter.sty"
Package: uniquecounter 2019/12/15 v1.4 Provide unlimited unique counter (HO)
)
Package uniquecounter Info: New unique counter `rerunfilecheck' on input line 286.
)
\Hy@SectionHShift=\skip49
) ("C:\Program Files\MiKTeX\tex/latex/geometry\geometry.sty"
Package: geometry 2020/01/02 v5.9 Page Geometry
 ("C:\Program Files\MiKTeX\tex/generic/iftex\ifvtex.sty"
Package: ifvtex 2019/10/25 v1.7 ifvtex legacy package. Use iftex instead.
)
\Gm@cnth=\count196
\Gm@cntv=\count197
\c@Gm@tempcnt=\count198
\Gm@bindingoffset=\dimen146
\Gm@wd@mp=\dimen147
\Gm@odd@mp=\dimen148
\Gm@even@mp=\dimen149
\Gm@layoutwidth=\dimen150
\Gm@layoutheight=\dimen151
\Gm@layouthoffset=\dimen152
\Gm@layoutvoffset=\dimen153
\Gm@dimlist=\toks19
 ("C:\Program Files\MiKTeX\tex/latex/geometry\geometry.cfg")) ("C:\Program Files\MiKTeX\tex/latex/float\float.sty"
Package: float 2001/11/08 v1.3d Float enhancements (AL)
\c@float@type=\count199
\float@exts=\toks20
\float@box=\box47
\@float@everytoks=\toks21
\@floatcapt=\box48
) ("C:\Program Files\MiKTeX\tex/latex/amsmath\amsmath.sty"
Package: amsmath 2020/09/23 v2.17i AMS math features
\@mathmargin=\skip50

For additional information on amsmath, use the `?' option.
("C:\Program Files\MiKTeX\tex/latex/amsmath\amstext.sty"
Package: amstext 2000/06/29 v2.01 AMS text
 ("C:\Program Files\MiKTeX\tex/latex/amsmath\amsgen.sty"
File: amsgen.sty 1999/11/30 v2.0 generic functions
\@emptytoks=\toks22
\ex@=\dimen154
)) ("C:\Program Files\MiKTeX\tex/latex/amsmath\amsbsy.sty"
Package: amsbsy 1999/11/29 v1.2d Bold Symbols
\pmbraise@=\dimen155
) ("C:\Program Files\MiKTeX\tex/latex/amsmath\amsopn.sty"
Package: amsopn 2016/03/08 v2.02 operator names
)
\inf@bad=\count266
LaTeX Info: Redefining \frac on input line 234.
\uproot@=\count267
\leftroot@=\count268
LaTeX Info: Redefining \overline on input line 399.
\classnum@=\count269
\DOTSCASE@=\count270
LaTeX Info: Redefining \ldots on input line 496.
LaTeX Info: Redefining \dots on input line 499.
LaTeX Info: Redefining \cdots on input line 620.
\Mathstrutbox@=\box49
\strutbox@=\box50
\big@size=\dimen156
LaTeX Font Info:    Redeclaring font encoding OML on input line 743.
LaTeX Font Info:    Redeclaring font encoding OMS on input line 744.
\macc@depth=\count271
\c@MaxMatrixCols=\count272
\dotsspace@=\muskip17
\c@parentequation=\count273
\dspbrk@lvl=\count274
\tag@help=\toks23
\row@=\count275
\column@=\count276
\maxfields@=\count277
\andhelp@=\toks24
\eqnshift@=\dimen157
\alignsep@=\dimen158
\tagshift@=\dimen159
\tagwidth@=\dimen160
\totwidth@=\dimen161
\lineht@=\dimen162
\@envbody=\toks25
\multlinegap=\skip51
\multlinetaggap=\skip52
\mathdisplay@stack=\toks26
LaTeX Info: Redefining \[ on input line 2923.
LaTeX Info: Redefining \] on input line 2924.
) ("C:\Program Files\MiKTeX\tex/latex/oberdiek\stackrel.sty"
Package: stackrel 2016/05/16 v1.3 Adding subscript option to stackrel (HO)
) ("C:\Program Files\MiKTeX\tex/latex/tools\multicol.sty"
Package: multicol 2019/12/09 v1.8y multicolumn formatting (FMi)
\c@tracingmulticols=\count278
\mult@box=\box51
\multicol@leftmargin=\dimen163
\c@unbalance=\count279
\c@collectmore=\count280
\doublecol@number=\count281
\multicoltolerance=\count282
\multicolpretolerance=\count283
\full@width=\dimen164
\page@free=\dimen165
\premulticols=\dimen166
\postmulticols=\dimen167
\multicolsep=\skip53
\multicolbaselineskip=\skip54
\partial@page=\box52
\last@line=\box53
\maxbalancingoverflow=\dimen168
\mult@rightbox=\box54
\mult@grightbox=\box55
\mult@gfirstbox=\box56
\mult@firstbox=\box57
\@tempa=\box58
\@tempa=\box59
\@tempa=\box60
\@tempa=\box61
\@tempa=\box62
\@tempa=\box63
\@tempa=\box64
\@tempa=\box65
\@tempa=\box66
\@tempa=\box67
\@tempa=\box68
\@tempa=\box69
\@tempa=\box70
\@tempa=\box71
\@tempa=\box72
\@tempa=\box73
\@tempa=\box74
\@tempa=\box75
\@tempa=\box76
\@tempa=\box77
\@tempa=\box78
\@tempa=\box79
\@tempa=\box80
\@tempa=\box81
\@tempa=\box82
\@tempa=\box83
\@tempa=\box84
\@tempa=\box85
\@tempa=\box86
\@tempa=\box87
\@tempa=\box88
\@tempa=\box89
\@tempa=\box90
\@tempa=\box91
\@tempa=\box92
\@tempa=\box93
\@tempa=\box94
\c@minrows=\count284
\c@columnbadness=\count285
\c@finalcolumnbadness=\count286
\last@try=\dimen169
\multicolovershoot=\dimen170
\multicolundershoot=\dimen171
\mult@nat@firstbox=\box95
\colbreak@box=\box96
\mc@col@check@num=\count287
) ("C:\Program Files\MiKTeX\tex/latex/multirow\multirow.sty"
Package: multirow 2021/03/15 v2.8 Span multiple rows of a table
\multirow@colwidth=\skip55
\multirow@cntb=\count288
\multirow@dima=\skip56
\bigstrutjot=\dimen172
) ("C:\Program Files\MiKTeX\tex/latex/fancyhdr\fancyhdr.sty"
Package: fancyhdr 2021/01/28 v4.0.1 Extensive control of page headers and footers
\f@nch@headwidth=\skip57
\f@nch@O@elh=\skip58
\f@nch@O@erh=\skip59
\f@nch@O@olh=\skip60
\f@nch@O@orh=\skip61
\f@nch@O@elf=\skip62
\f@nch@O@erf=\skip63
\f@nch@O@olf=\skip64
\f@nch@O@orf=\skip65
) ("C:\Program Files\MiKTeX\tex/latex/xcolor\xcolor.sty"
Package: xcolor 2016/05/11 v2.12 LaTeX color extensions (UK)
 ("C:\Program Files\MiKTeX\tex/latex/graphics-cfg\color.cfg"
File: color.cfg 2016/01/02 v1.6 sample color configuration
)
Package xcolor Info: Package option `usenames' ignored on input line 216.
Package xcolor Info: Driver file: pdftex.def on input line 225.
 ("C:\Program Files\MiKTeX\tex/latex/colortbl\colortbl.sty"
Package: colortbl 2020/01/04 v1.0e Color table columns (DPC)
 ("C:\Program Files\MiKTeX\tex/latex/tools\array.sty"
Package: array 2019/08/31 v2.4l Tabular extension package (FMi)
\col@sep=\dimen173
\ar@mcellbox=\box97
\extrarowheight=\dimen174
\NC@list=\toks27
\extratabsurround=\skip66
\backup@length=\skip67
\ar@cellbox=\box98
)
\everycr=\toks28
\minrowclearance=\skip68
)
\rownum=\count289
Package xcolor Info: Model `cmy' substituted by `cmy0' on input line 1348.
Package xcolor Info: Model `hsb' substituted by `rgb' on input line 1352.
Package xcolor Info: Model `RGB' extended on input line 1364.
Package xcolor Info: Model `HTML' substituted by `rgb' on input line 1366.
Package xcolor Info: Model `Hsb' substituted by `hsb' on input line 1367.
Package xcolor Info: Model `tHsb' substituted by `hsb' on input line 1368.
Package xcolor Info: Model `HSB' substituted by `hsb' on input line 1369.
Package xcolor Info: Model `Gray' substituted by `gray' on input line 1370.
Package xcolor Info: Model `wave' substituted by `hsb' on input line 1371.
 ("C:\Program Files\MiKTeX\tex/latex/graphics\dvipsnam.def"
File: dvipsnam.def 2016/06/17 v3.0m Driver-dependent file (DPC,SPQR)
) ("C:\Program Files\MiKTeX\tex/latex/xcolor\svgnam.def"
File: svgnam.def 2016/05/11 v2.12 Predefined colors according to SVG 1.1 (UK)
)) ("C:\Program Files\MiKTeX\tex/latex/ragged2e\ragged2e.sty"
Package: ragged2e 2019/07/28 v2.2 ragged2e Package (MS)


LaTeX Warning: Command \@arrayparboxrestore  has changed.
               Check if current package is valid.

("C:\Program Files\MiKTeX\tex/latex/ms\everysel.sty"
Package: everysel 2011/10/28 v1.2 EverySelectfont Package (MS)
) ("C:\Program Files\MiKTeX\tex/latex/footmisc\footmisc.sty"
Package: footmisc 2022/03/08 v6.0d a miscellany of footnote facilities
\FN@temptoken=\toks29
\footnotemargin=\dimen175
\@outputbox@depth=\dimen176

LaTeX3 Info: Defining command \DefineFNsymbols with sig. 'smO{text}m' on line
(LaTeX3)     633.


LaTeX3 Info: Defining command \DefineFNsymbolsTM with sig. 'smm' on line 659.

Package footmisc Info: Declaring symbol style bringhurst on input line 695.
Package footmisc Info: Declaring symbol style chicago on input line 703.
Package footmisc Info: Declaring symbol style wiley on input line 712.
Package footmisc Info: Declaring symbol style lamport-robust on input line 723.
Package footmisc Info: Declaring symbol style lamport* on input line 743.
Package footmisc Info: Declaring symbol style lamport*-robust on input line 764.
)
\CenteringLeftskip=\skip69
\RaggedLeftLeftskip=\skip70
\RaggedRightLeftskip=\skip71
\CenteringRightskip=\skip72
\RaggedLeftRightskip=\skip73
\RaggedRightRightskip=\skip74
\CenteringParfillskip=\skip75
\RaggedLeftParfillskip=\skip76
\RaggedRightParfillskip=\skip77
\JustifyingParfillskip=\skip78
\CenteringParindent=\skip79
\RaggedLeftParindent=\skip80
\RaggedRightParindent=\skip81
\JustifyingParindent=\skip82
) ("C:\Program Files\MiKTeX\tex/latex/tools\enumerate.sty"
Package: enumerate 2015/07/23 v3.00 enumerate extensions (DPC)
\@enLab=\toks30
) ("C:\Program Files\MiKTeX\tex/latex/psnfss\helvet.sty"
Package: helvet 2020/03/25 PSNFSS-v9.3 (WaS) 
)
LaTeX Font Info:    Trying to load font information for OT1+phv on input line 36.
 ("C:\Program Files\MiKTeX\tex/latex/psnfss\ot1phv.fd"
File: ot1phv.fd 2020/03/25 scalable font definitions for OT1/phv.
) ("C:\Program Files\MiKTeX\tex/latex/l3backend\l3backend-pdftex.def"
File: l3backend-pdftex.def 2020-09-24 L3 backend support: PDF output (pdfTeX)
\l__kernel_color_stack_int=\count290
\l__pdf_internal_box=\box99
) (c:\Users\abrah\OneDrive\Documents\Code\latex\L01_Lipa_Calabilla\build\informe.aux
LaTeX Info: Redefining \. on input line 25.
LaTeX Info: Redefining \% on input line 25.
 (c:\Users\abrah\OneDrive\Documents\Code\latex\L01_Lipa_Calabilla\build\Secciones/articulo.aux))
\openout1 = `informe.aux'.

LaTeX Font Info:    Checking defaults for OML/cmm/m/it on input line 36.
LaTeX Font Info:    ... okay on input line 36.
LaTeX Font Info:    Checking defaults for OMS/cmsy/m/n on input line 36.
LaTeX Font Info:    ... okay on input line 36.
LaTeX Font Info:    Checking defaults for OT1/cmr/m/n on input line 36.
LaTeX Font Info:    ... okay on input line 36.
LaTeX Font Info:    Checking defaults for T1/cmr/m/n on input line 36.
LaTeX Font Info:    ... okay on input line 36.
LaTeX Font Info:    Checking defaults for TS1/cmr/m/n on input line 36.
LaTeX Font Info:    ... okay on input line 36.
LaTeX Font Info:    Checking defaults for OMX/cmex/m/n on input line 36.
LaTeX Font Info:    ... okay on input line 36.
LaTeX Font Info:    Checking defaults for U/cmr/m/n on input line 36.
LaTeX Font Info:    ... okay on input line 36.
LaTeX Font Info:    Checking defaults for PD1/pdf/m/n on input line 36.
LaTeX Font Info:    ... okay on input line 36.
LaTeX Info: Redefining \. on input line 36.
LaTeX Info: Redefining \% on input line 36.
 ("C:\Program Files\MiKTeX\tex/context/base/mkii\supp-pdf.mkii"
[Loading MPS to PDF converter (version 2006.09.02).]
\scratchcounter=\count291
\scratchdimen=\dimen177
\scratchbox=\box100
\nofMPsegments=\count292
\nofMParguments=\count293
\everyMPshowfont=\toks31
\MPscratchCnt=\count294
\MPscratchDim=\dimen178
\MPnumerator=\count295
\makeMPintoPDFobject=\count296
\everyMPtoPDFconversion=\toks32
) ("C:\Program Files\MiKTeX\tex/latex/epstopdf-pkg\epstopdf-base.sty"
Package: epstopdf-base 2020-01-24 v2.11 Base part for package epstopdf
Package epstopdf-base Info: Redefining graphics rule for `.eps' on input line 485.
)
Package hyperref Info: Link coloring OFF on input line 36.
 ("C:\Program Files\MiKTeX\tex/latex/hyperref\nameref.sty"
Package: nameref 2019/09/16 v2.46 Cross-referencing by name of section
 ("C:\Program Files\MiKTeX\tex/latex/refcount\refcount.sty"
Package: refcount 2019/12/15 v3.6 Data extraction from label references (HO)
) ("C:\Program Files\MiKTeX\tex/generic/gettitlestring\gettitlestring.sty"
Package: gettitlestring 2019/12/15 v1.6 Cleanup title references (HO)
)
\c@section@level=\count297
)
LaTeX Info: Redefining \ref on input line 36.
LaTeX Info: Redefining \pageref on input line 36.
LaTeX Info: Redefining \nameref on input line 36.
 (c:\Users\abrah\OneDrive\Documents\Code\latex\L01_Lipa_Calabilla\build\informe.out) (c:\Users\abrah\OneDrive\Documents\Code\latex\L01_Lipa_Calabilla\build\informe.out)
\@outlinefile=\write3
\openout3 = `informe.out'.


*geometry* driver: auto-detecting
*geometry* detected driver: pdftex
*geometry* verbose mode - [ preamble ] result:
* driver: pdftex
* paper: letterpaper
* layout: <same size as paper>
* layoutoffset:(h,v)=(0.0pt,0.0pt)
* modes: 
* h-part:(L,W,R)=(56.9055pt, 500.484pt, 56.9055pt)
* v-part:(T,H,B)=(71.13188pt, 666.9326pt, 56.9055pt)
* \paperwidth=614.295pt
* \paperheight=794.96999pt
* \textwidth=500.484pt
* \textheight=666.9326pt
* \oddsidemargin=-15.36449pt
* \evensidemargin=-15.36449pt
* \topmargin=-38.1381pt
* \headheight=12.0pt
* \headsep=25.0pt
* \topskip=12.0pt
* \footskip=30.0pt
* \marginparwidth=44.0pt
* \marginparsep=10.0pt
* \columnsep=10.0pt
* \skip\footins=10.8pt plus 4.0pt minus 2.0pt
* \hoffset=0.0pt
* \voffset=0.0pt
* \mag=1000
* \@twocolumnfalse
* \@twosidefalse
* \@mparswitchfalse
* \@reversemarginfalse
* (1in=72.27pt=25.4mm, 1cm=28.453pt)

Package ragged2e Info: ABD: executing \RaggedRight on input line 36.
ABD: EverySelectfont initializing macros
LaTeX Info: Redefining \selectfont on input line 36.
<./img/logo.png, id=51, 70.6275pt x 95.265pt>
File: ./img/logo.png Graphic file (type png)
<use ./img/logo.png>
Package pdftex.def Info: ./img/logo.png  used on input line 41.
(pdftex.def)             Requested size: 99.58464pt x 134.32655pt.
 [1

{C:/Users/abrah/AppData/Local/MiKTeX/pdftex/config/pdftex.map} <./img/logo.png>]
\openout2 = `Secciones/articulo.aux'.


No file Secciones/articulo.tex.
(c:\Users\abrah\OneDrive\Documents\Code\latex\L01_Lipa_Calabilla\build\informe.toc
LaTeX Info: Redefining \. on input line 1.
LaTeX Info: Redefining \% on input line 1.
)
\tf@toc=\write4
\openout4 = `informe.toc'.

File: ./img/logo.png Graphic file (type png)
<use ./img/logo.png>
Package pdftex.def Info: ./img/logo.png  used on input line 98.
(pdftex.def)             Requested size: 28.45274pt x 38.37714pt.


Package fancyhdr Warning: \headheight is too small (12.0pt): 
(fancyhdr)                Make it at least 24.54048pt, for example:
(fancyhdr)                \setlength{\headheight}{24.54048pt}.
(fancyhdr)                You might also make \topmargin smaller to compensate:
(fancyhdr)                \addtolength{\topmargin}{-12.54048pt}.

pdfTeX warning (ext4): destination with the same identifier (name{page.1}) has been already used, duplicate ignored
<to be read again> 
                   \relax 
l.98     \newpage
                  [1



]
File: ./img/logo.png Graphic file (type png)
<use ./img/logo.png>
Package pdftex.def Info: ./img/logo.png  used on input line 133.
(pdftex.def)             Requested size: 28.45274pt x 38.37714pt.


Package fancyhdr Warning: \headheight is too small (12.0pt): 
(fancyhdr)                Make it at least 24.54048pt, for example:
(fancyhdr)                \setlength{\headheight}{24.54048pt}.
(fancyhdr)                You might also make \topmargin smaller to compensate:
(fancyhdr)                \addtolength{\topmargin}{-12.54048pt}.

[2]
Underfull \hbox (badness 10000) in paragraph at lines 137--138

 []


Underfull \hbox (badness 10000) in paragraph at lines 141--142

 []

<./img/img2.png, id=83, 1121.69063pt x 651.18282pt>
File: ./img/img2.png Graphic file (type png)
<use ./img/img2.png>
Package pdftex.def Info: ./img/img2.png  used on input line 143.
(pdftex.def)             Requested size: 455.24408pt x 264.28403pt.
LaTeX Font Info:    Font shape `OT1/phv/m/it' in size <12> not available
(Font)              Font shape `OT1/phv/m/sl' tried instead on input line 147.

Underfull \hbox (badness 10000) in paragraph at lines 146--148

 []


Underfull \hbox (badness 10000) in paragraph at lines 146--148

 []

File: ./img/logo.png Graphic file (type png)
<use ./img/logo.png>
Package pdftex.def Info: ./img/logo.png  used on input line 148.
(pdftex.def)             Requested size: 28.45274pt x 38.37714pt.

Package fancyhdr Warning: \headheight is too small (12.0pt): 
(fancyhdr)                Make it at least 24.54048pt, for example:
(fancyhdr)                \setlength{\headheight}{24.54048pt}.
(fancyhdr)                You might also make \topmargin smaller to compensate:
(fancyhdr)                \addtolength{\topmargin}{-12.54048pt}.

[3 <./img/img2.png>]
<./img/img3.png, id=92, 1191.7022pt x 683.55376pt>
File: ./img/img3.png Graphic file (type png)
<use ./img/img3.png>
Package pdftex.def Info: ./img/img3.png  used on input line 149.
(pdftex.def)             Requested size: 455.24408pt x 261.11948pt.
<./img/img4.png, id=93, 1075.76906pt x 613.54219pt>
File: ./img/img4.png Graphic file (type png)
<use ./img/img4.png>
Package pdftex.def Info: ./img/img4.png  used on input line 155.
(pdftex.def)             Requested size: 426.79134pt x 243.40909pt.
File: ./img/logo.png Graphic file (type png)
<use ./img/logo.png>
Package pdftex.def Info: ./img/logo.png  used on input line 156.
(pdftex.def)             Requested size: 28.45274pt x 38.37714pt.


Package fancyhdr Warning: \headheight is too small (12.0pt): 
(fancyhdr)                Make it at least 24.54048pt, for example:
(fancyhdr)                \setlength{\headheight}{24.54048pt}.
(fancyhdr)                You might also make \topmargin smaller to compensate:
(fancyhdr)                \addtolength{\topmargin}{-12.54048pt}.

[4 <./img/img3.png>]
<./img/img4.1.png, id=101, 1075.76906pt x 613.54219pt>
File: ./img/img4.1.png Graphic file (type png)
<use ./img/img4.1.png>
Package pdftex.def Info: ./img/img4.1.png  used on input line 159.
(pdftex.def)             Requested size: 426.79134pt x 243.40909pt.
<./img/img5.png, id=102, 1076.52188pt x 614.295pt>
File: ./img/img5.png Graphic file (type png)
<use ./img/img5.png>
Package pdftex.def Info: ./img/img5.png  used on input line 163.
(pdftex.def)             Requested size: 426.79134pt x 243.53902pt.
File: ./img/logo.png Graphic file (type png)
<use ./img/logo.png>
Package pdftex.def Info: ./img/logo.png  used on input line 164.
(pdftex.def)             Requested size: 28.45274pt x 38.37714pt.


Package fancyhdr Warning: \headheight is too small (12.0pt): 
(fancyhdr)                Make it at least 24.54048pt, for example:
(fancyhdr)                \setlength{\headheight}{24.54048pt}.
(fancyhdr)                You might also make \topmargin smaller to compensate:
(fancyhdr)                \addtolength{\topmargin}{-12.54048pt}.

[5 <./img/img4.png> <./img/img4.1.png>]
<./img/img6.png, id=111, 1075.76906pt x 610.53094pt>
File: ./img/img6.png Graphic file (type png)
<use ./img/img6.png>
Package pdftex.def Info: ./img/img6.png  used on input line 167.
(pdftex.def)             Requested size: 426.79134pt x 242.21443pt.
<./img/img7.png, id=112, 1075.01625pt x 612.78937pt>
File: ./img/img7.png Graphic file (type png)
<use ./img/img7.png>
Package pdftex.def Info: ./img/img7.png  used on input line 171.
(pdftex.def)             Requested size: 426.79134pt x 243.27872pt.
File: ./img/logo.png Graphic file (type png)
<use ./img/logo.png>
Package pdftex.def Info: ./img/logo.png  used on input line 172.
(pdftex.def)             Requested size: 28.45274pt x 38.37714pt.


Package fancyhdr Warning: \headheight is too small (12.0pt): 
(fancyhdr)                Make it at least 24.54048pt, for example:
(fancyhdr)                \setlength{\headheight}{24.54048pt}.
(fancyhdr)                You might also make \topmargin smaller to compensate:
(fancyhdr)                \addtolength{\topmargin}{-12.54048pt}.

[6 <./img/img5.png> <./img/img6.png>]
Underfull \hbox (badness 10000) in paragraph at lines 175--176

 []

LaTeX Font Info:    Font shape `OT1/phv/b/it' in size <12> not available
(Font)              Font shape `OT1/phv/b/sl' tried instead on input line 183.
<./img/img8.png, id=122, 1078.78032pt x 615.80063pt>
File: ./img/img8.png Graphic file (type png)
<use ./img/img8.png>
Package pdftex.def Info: ./img/img8.png  used on input line 185.
(pdftex.def)             Requested size: 426.79134pt x 243.62852pt.
File: ./img/logo.png Graphic file (type png)
<use ./img/logo.png>
Package pdftex.def Info: ./img/logo.png  used on input line 186.
(pdftex.def)             Requested size: 28.45274pt x 38.37714pt.

Package fancyhdr Warning: \headheight is too small (12.0pt): 
(fancyhdr)                Make it at least 24.54048pt, for example:
(fancyhdr)                \setlength{\headheight}{24.54048pt}.
(fancyhdr)                You might also make \topmargin smaller to compensate:
(fancyhdr)                \addtolength{\topmargin}{-12.54048pt}.

[7 <./img/img7.png>]
<./img/img9.png, id=131, 1076.52188pt x 615.80063pt>
File: ./img/img9.png Graphic file (type png)
<use ./img/img9.png>
Package pdftex.def Info: ./img/img9.png  used on input line 189.
(pdftex.def)             Requested size: 426.79134pt x 244.13593pt.
<./img/img10.png, id=132, 1079.53313pt x 617.30624pt>
File: ./img/img10.png Graphic file (type png)
<use ./img/img10.png>
Package pdftex.def Info: ./img/img10.png  used on input line 193.
(pdftex.def)             Requested size: 426.79134pt x 244.05464pt.
File: ./img/logo.png Graphic file (type png)
<use ./img/logo.png>
Package pdftex.def Info: ./img/logo.png  used on input line 194.
(pdftex.def)             Requested size: 28.45274pt x 38.37714pt.


Package fancyhdr Warning: \headheight is too small (12.0pt): 
(fancyhdr)                Make it at least 24.54048pt, for example:
(fancyhdr)                \setlength{\headheight}{24.54048pt}.
(fancyhdr)                You might also make \topmargin smaller to compensate:
(fancyhdr)                \addtolength{\topmargin}{-12.54048pt}.

[8 <./img/img8.png> <./img/img9.png>]
<./img/img11.png, id=141, 1078.78032pt x 615.80063pt>
File: ./img/img11.png Graphic file (type png)
<use ./img/img11.png>
Package pdftex.def Info: ./img/img11.png  used on input line 197.
(pdftex.def)             Requested size: 426.79134pt x 243.62852pt.

Underfull \hbox (badness 10000) in paragraph at lines 201--203

 []

File: ./img/logo.png Graphic file (type png)
<use ./img/logo.png>
Package pdftex.def Info: ./img/logo.png  used on input line 204.
(pdftex.def)             Requested size: 28.45274pt x 38.37714pt.

Package fancyhdr Warning: \headheight is too small (12.0pt): 
(fancyhdr)                Make it at least 24.54048pt, for example:
(fancyhdr)                \setlength{\headheight}{24.54048pt}.
(fancyhdr)                You might also make \topmargin smaller to compensate:
(fancyhdr)                \addtolength{\topmargin}{-12.54048pt}.

[9 <./img/img10.png> <./img/img11.png>]
<./img/img12.png, id=150, 1076.52188pt x 614.295pt>
File: ./img/img12.png Graphic file (type png)
<use ./img/img12.png>
Package pdftex.def Info: ./img/img12.png  used on input line 205.
(pdftex.def)             Requested size: 426.79134pt x 243.53902pt.
<./img/img13.png, id=151, 1077.27469pt x 615.0478pt>
File: ./img/img13.png Graphic file (type png)
<use ./img/img13.png>
Package pdftex.def Info: ./img/img13.png  used on input line 209.
(pdftex.def)             Requested size: 426.79134pt x 243.66855pt.
File: ./img/logo.png Graphic file (type png)
<use ./img/logo.png>
Package pdftex.def Info: ./img/logo.png  used on input line 213.
(pdftex.def)             Requested size: 28.45274pt x 38.37714pt.


Package fancyhdr Warning: \headheight is too small (12.0pt): 
(fancyhdr)                Make it at least 24.54048pt, for example:
(fancyhdr)                \setlength{\headheight}{24.54048pt}.
(fancyhdr)                You might also make \topmargin smaller to compensate:
(fancyhdr)                \addtolength{\topmargin}{-12.54048pt}.

[10 <./img/img12.png> <./img/img13.png>]
<./img/img14.png, id=160, 600.74437pt x 450.9347pt>
File: ./img/img14.png Graphic file (type png)
<use ./img/img14.png>
Package pdftex.def Info: ./img/img14.png  used on input line 214.
(pdftex.def)             Requested size: 426.79134pt x 320.3723pt.
<./img/img15.png, id=161, 1078.0275pt x 616.55344pt>
File: ./img/img15.png Graphic file (type png)
<use ./img/img15.png>
Package pdftex.def Info: ./img/img15.png  used on input line 218.
(pdftex.def)             Requested size: 426.79134pt x 244.0957pt.
File: ./img/logo.png Graphic file (type png)
<use ./img/logo.png>
Package pdftex.def Info: ./img/logo.png  used on input line 221.
(pdftex.def)             Requested size: 28.45274pt x 38.37714pt.


Package fancyhdr Warning: \headheight is too small (12.0pt): 
(fancyhdr)                Make it at least 24.54048pt, for example:
(fancyhdr)                \setlength{\headheight}{24.54048pt}.
(fancyhdr)                You might also make \topmargin smaller to compensate:
(fancyhdr)                \addtolength{\topmargin}{-12.54048pt}.

[11 <./img/img14.png> <./img/img15.png>]
<./img/img16.png, id=168, 1075.76906pt x 613.54219pt>
File: ./img/img16.png Graphic file (type png)
<use ./img/img16.png>
Package pdftex.def Info: ./img/img16.png  used on input line 222.
(pdftex.def)             Requested size: 426.79134pt x 243.40909pt.
File: ./img/img13.png Graphic file (type png)
<use ./img/img13.png>
Package pdftex.def Info: ./img/img13.png  used on input line 227.
(pdftex.def)             Requested size: 426.79134pt x 243.66855pt.
File: ./img/logo.png Graphic file (type png)
<use ./img/logo.png>
Package pdftex.def Info: ./img/logo.png  used on input line 231.
(pdftex.def)             Requested size: 28.45274pt x 38.37714pt.


Package fancyhdr Warning: \headheight is too small (12.0pt): 
(fancyhdr)                Make it at least 24.54048pt, for example:
(fancyhdr)                \setlength{\headheight}{24.54048pt}.
(fancyhdr)                You might also make \topmargin smaller to compensate:
(fancyhdr)                \addtolength{\topmargin}{-12.54048pt}.

[12 <./img/img16.png>]
<./img/img17.png, id=176, 1078.0275pt x 615.80063pt>
File: ./img/img17.png Graphic file (type png)
<use ./img/img17.png>
Package pdftex.def Info: ./img/img17.png  used on input line 232.
(pdftex.def)             Requested size: 426.79134pt x 243.79765pt.
<./img/img18.png, id=177, 1078.78032pt x 615.0478pt>
File: ./img/img18.png Graphic file (type png)
<use ./img/img18.png>
Package pdftex.def Info: ./img/img18.png  used on input line 236.
(pdftex.def)             Requested size: 426.79134pt x 243.33069pt.
File: ./img/logo.png Graphic file (type png)
<use ./img/logo.png>
Package pdftex.def Info: ./img/logo.png  used on input line 242.
(pdftex.def)             Requested size: 28.45274pt x 38.37714pt.


Package fancyhdr Warning: \headheight is too small (12.0pt): 
(fancyhdr)                Make it at least 24.54048pt, for example:
(fancyhdr)                \setlength{\headheight}{24.54048pt}.
(fancyhdr)                You might also make \topmargin smaller to compensate:
(fancyhdr)                \addtolength{\topmargin}{-12.54048pt}.

[13 <./img/img17.png> <./img/img18.png>]
Underfull \hbox (badness 10000) in paragraph at lines 243--245

 []

<./img/img19.png, id=184, 1077.27469pt x 612.03656pt>
File: ./img/img19.png Graphic file (type png)
<use ./img/img19.png>
Package pdftex.def Info: ./img/img19.png  used on input line 247.
(pdftex.def)             Requested size: 426.79134pt x 242.47556pt.

Underfull \hbox (badness 10000) in paragraph at lines 251--253

 []

<./img/img20.png, id=185, 1080.28593pt x 614.295pt>
File: ./img/img20.png Graphic file (type png)
<use ./img/img20.png>
Package pdftex.def Info: ./img/img20.png  used on input line 255.
(pdftex.def)             Requested size: 426.79134pt x 242.68604pt.
File: ./img/logo.png Graphic file (type png)
<use ./img/logo.png>
Package pdftex.def Info: ./img/logo.png  used on input line 256.
(pdftex.def)             Requested size: 28.45274pt x 38.37714pt.

Package fancyhdr Warning: \headheight is too small (12.0pt): 
(fancyhdr)                Make it at least 24.54048pt, for example:
(fancyhdr)                \setlength{\headheight}{24.54048pt}.
(fancyhdr)                You might also make \topmargin smaller to compensate:
(fancyhdr)                \addtolength{\topmargin}{-12.54048pt}.

[14 <./img/img19.png>]
<./img/img21.png, id=195, 1076.52188pt x 615.80063pt>
File: ./img/img21.png Graphic file (type png)
<use ./img/img21.png>
Package pdftex.def Info: ./img/img21.png  used on input line 259.
(pdftex.def)             Requested size: 426.79134pt x 244.13593pt.

Underfull \hbox (badness 10000) in paragraph at lines 263--264

 []

File: ./img/logo.png Graphic file (type png)
<use ./img/logo.png>
Package pdftex.def Info: ./img/logo.png  used on input line 266.
(pdftex.def)             Requested size: 28.45274pt x 38.37714pt.

Package fancyhdr Warning: \headheight is too small (12.0pt): 
(fancyhdr)                Make it at least 24.54048pt, for example:
(fancyhdr)                \setlength{\headheight}{24.54048pt}.
(fancyhdr)                You might also make \topmargin smaller to compensate:
(fancyhdr)                \addtolength{\topmargin}{-12.54048pt}.

[15 <./img/img20.png> <./img/img21.png>]
<./img/img22.png, id=205, 1079.53313pt x 612.78937pt>
File: ./img/img22.png Graphic file (type png)
<use ./img/img22.png>
Package pdftex.def Info: ./img/img22.png  used on input line 267.
(pdftex.def)             Requested size: 426.79134pt x 242.26888pt.
<./img/img23.png, id=206, 1077.27469pt x 613.54219pt>
File: ./img/img23.png Graphic file (type png)
<use ./img/img23.png>
Package pdftex.def Info: ./img/img23.png  used on input line 271.
(pdftex.def)             Requested size: 426.79134pt x 243.07205pt.
<./img/img24.png, id=207, 1078.78032pt x 613.54219pt>
File: ./img/img24.png Graphic file (type png)
<use ./img/img24.png>
Package pdftex.def Info: ./img/img24.png  used on input line 275.
(pdftex.def)             Requested size: 426.79134pt x 242.73503pt.
File: ./img/logo.png Graphic file (type png)
<use ./img/logo.png>
Package pdftex.def Info: ./img/logo.png  used on input line 276.
(pdftex.def)             Requested size: 28.45274pt x 38.37714pt.


Package fancyhdr Warning: \headheight is too small (12.0pt): 
(fancyhdr)                Make it at least 24.54048pt, for example:
(fancyhdr)                \setlength{\headheight}{24.54048pt}.
(fancyhdr)                You might also make \topmargin smaller to compensate:
(fancyhdr)                \addtolength{\topmargin}{-12.54048pt}.

[16 <./img/img22.png> <./img/img23.png>]
<./img/img25.png, id=216, 1077.27469pt x 615.0478pt>
File: ./img/img25.png Graphic file (type png)
<use ./img/img25.png>
Package pdftex.def Info: ./img/img25.png  used on input line 279.
(pdftex.def)             Requested size: 426.79134pt x 243.66855pt.
<./img/img26.png, id=217, 1075.01625pt x 613.54219pt>
File: ./img/img26.png Graphic file (type png)
<use ./img/img26.png>
Package pdftex.def Info: ./img/img26.png  used on input line 283.
(pdftex.def)             Requested size: 426.79134pt x 243.57759pt.
File: ./img/logo.png Graphic file (type png)
<use ./img/logo.png>
Package pdftex.def Info: ./img/logo.png  used on input line 284.
(pdftex.def)             Requested size: 28.45274pt x 38.37714pt.


Package fancyhdr Warning: \headheight is too small (12.0pt): 
(fancyhdr)                Make it at least 24.54048pt, for example:
(fancyhdr)                \setlength{\headheight}{24.54048pt}.
(fancyhdr)                You might also make \topmargin smaller to compensate:
(fancyhdr)                \addtolength{\topmargin}{-12.54048pt}.

[17 <./img/img24.png> <./img/img25.png>]
<./img/img27.png, id=226, 1076.52188pt x 614.295pt>
File: ./img/img27.png Graphic file (type png)
<use ./img/img27.png>
Package pdftex.def Info: ./img/img27.png  used on input line 287.
(pdftex.def)             Requested size: 426.79134pt x 243.53902pt.
<./img/img28.png, id=227, 1075.76906pt x 636.12656pt>
File: ./img/img28.png Graphic file (type png)
<use ./img/img28.png>
Package pdftex.def Info: ./img/img28.png  used on input line 291.
(pdftex.def)             Requested size: 426.79134pt x 252.36893pt.
File: ./img/logo.png Graphic file (type png)
<use ./img/logo.png>
Package pdftex.def Info: ./img/logo.png  used on input line 292.
(pdftex.def)             Requested size: 28.45274pt x 38.37714pt.


Package fancyhdr Warning: \headheight is too small (12.0pt): 
(fancyhdr)                Make it at least 24.54048pt, for example:
(fancyhdr)                \setlength{\headheight}{24.54048pt}.
(fancyhdr)                You might also make \topmargin smaller to compensate:
(fancyhdr)                \addtolength{\topmargin}{-12.54048pt}.

[18 <./img/img26.png> <./img/img27.png>]
<./img/img29.png, id=237, 1076.52188pt x 636.87938pt>
File: ./img/img29.png Graphic file (type png)
<use ./img/img29.png>
Package pdftex.def Info: ./img/img29.png  used on input line 295.
(pdftex.def)             Requested size: 426.79134pt x 252.49266pt.
<./img/img30.png, id=238, 1076.52188pt x 635.37375pt>
File: ./img/img30.png Graphic file (type png)
<use ./img/img30.png>
Package pdftex.def Info: ./img/img30.png  used on input line 299.
(pdftex.def)             Requested size: 426.79134pt x 251.89575pt.
File: ./img/logo.png Graphic file (type png)
<use ./img/logo.png>
Package pdftex.def Info: ./img/logo.png  used on input line 300.
(pdftex.def)             Requested size: 28.45274pt x 38.37714pt.


Package fancyhdr Warning: \headheight is too small (12.0pt): 
(fancyhdr)                Make it at least 24.54048pt, for example:
(fancyhdr)                \setlength{\headheight}{24.54048pt}.
(fancyhdr)                You might also make \topmargin smaller to compensate:
(fancyhdr)                \addtolength{\topmargin}{-12.54048pt}.

[19 <./img/img28.png> <./img/img29.png>]
<./img/img31.png, id=247, 1077.27469pt x 637.63219pt>
File: ./img/img31.png Graphic file (type png)
<use ./img/img31.png>
Package pdftex.def Info: ./img/img31.png  used on input line 303.
(pdftex.def)             Requested size: 426.79134pt x 252.61598pt.

Underfull \hbox (badness 10000) in paragraph at lines 308--310

 []

File: ./img/logo.png Graphic file (type png)
<use ./img/logo.png>
Package pdftex.def Info: ./img/logo.png  used on input line 311.
(pdftex.def)             Requested size: 28.45274pt x 38.37714pt.

Package fancyhdr Warning: \headheight is too small (12.0pt): 
(fancyhdr)                Make it at least 24.54048pt, for example:
(fancyhdr)                \setlength{\headheight}{24.54048pt}.
(fancyhdr)                You might also make \topmargin smaller to compensate:
(fancyhdr)                \addtolength{\topmargin}{-12.54048pt}.

[20 <./img/img30.png> <./img/img31.png>]
<./img/img32.png, id=256, 1078.0275pt x 635.37375pt>
File: ./img/img32.png Graphic file (type png)
<use ./img/img32.png>
Package pdftex.def Info: ./img/img32.png  used on input line 312.
(pdftex.def)             Requested size: 426.79134pt x 251.54672pt.
<./img/img33.png, id=257, 1075.01625pt x 635.37375pt>
File: ./img/img33.png Graphic file (type png)
<use ./img/img33.png>
Package pdftex.def Info: ./img/img33.png  used on input line 316.
(pdftex.def)             Requested size: 426.79134pt x 252.24477pt.
<./img/img34.png, id=258, 1075.01625pt x 635.37375pt>
File: ./img/img34.png Graphic file (type png)
<use ./img/img34.png>
Package pdftex.def Info: ./img/img34.png  used on input line 320.
(pdftex.def)             Requested size: 426.79134pt x 252.24477pt.
File: ./img/logo.png Graphic file (type png)
<use ./img/logo.png>
Package pdftex.def Info: ./img/logo.png  used on input line 321.
(pdftex.def)             Requested size: 28.45274pt x 38.37714pt.


Package fancyhdr Warning: \headheight is too small (12.0pt): 
(fancyhdr)                Make it at least 24.54048pt, for example:
(fancyhdr)                \setlength{\headheight}{24.54048pt}.
(fancyhdr)                You might also make \topmargin smaller to compensate:
(fancyhdr)                \addtolength{\topmargin}{-12.54048pt}.

[21 <./img/img32.png> <./img/img33.png>]
<./img/img35.png, id=268, 1076.52188pt x 634.62094pt>
File: ./img/img35.png Graphic file (type png)
<use ./img/img35.png>
Package pdftex.def Info: ./img/img35.png  used on input line 324.
(pdftex.def)             Requested size: 426.79134pt x 251.59729pt.
<./img/img36.png, id=269, 1074.26344pt x 633.11531pt>
File: ./img/img36.png Graphic file (type png)
<use ./img/img36.png>
Package pdftex.def Info: ./img/img36.png  used on input line 328.
(pdftex.def)             Requested size: 426.79134pt x 251.52205pt.
File: ./img/logo.png Graphic file (type png)
<use ./img/logo.png>
Package pdftex.def Info: ./img/logo.png  used on input line 329.
(pdftex.def)             Requested size: 28.45274pt x 38.37714pt.


Package fancyhdr Warning: \headheight is too small (12.0pt): 
(fancyhdr)                Make it at least 24.54048pt, for example:
(fancyhdr)                \setlength{\headheight}{24.54048pt}.
(fancyhdr)                You might also make \topmargin smaller to compensate:
(fancyhdr)                \addtolength{\topmargin}{-12.54048pt}.

[22 <./img/img34.png> <./img/img35.png>]
<./img/img37.png, id=278, 1076.52188pt x 632.3625pt>
File: ./img/img37.png Graphic file (type png)
<use ./img/img37.png>
Package pdftex.def Info: ./img/img37.png  used on input line 332.
(pdftex.def)             Requested size: 426.79134pt x 250.70193pt.
<./img/img38.png, id=279, 1075.01625pt x 633.86812pt>
File: ./img/img38.png Graphic file (type png)
<use ./img/img38.png>
Package pdftex.def Info: ./img/img38.png  used on input line 336.
(pdftex.def)             Requested size: 426.79134pt x 251.64703pt.
File: ./img/logo.png Graphic file (type png)
<use ./img/logo.png>
Package pdftex.def Info: ./img/logo.png  used on input line 337.
(pdftex.def)             Requested size: 28.45274pt x 38.37714pt.


Package fancyhdr Warning: \headheight is too small (12.0pt): 
(fancyhdr)                Make it at least 24.54048pt, for example:
(fancyhdr)                \setlength{\headheight}{24.54048pt}.
(fancyhdr)                You might also make \topmargin smaller to compensate:
(fancyhdr)                \addtolength{\topmargin}{-12.54048pt}.

[23 <./img/img36.png> <./img/img37.png>]
<./img/img39.png, id=288, 1077.27469pt x 638.385pt>
File: ./img/img39.png Graphic file (type png)
<use ./img/img39.png>
Package pdftex.def Info: ./img/img39.png  used on input line 340.
(pdftex.def)             Requested size: 426.79134pt x 252.91423pt.
<./img/img40.png, id=289, 1075.01625pt x 635.37375pt>
File: ./img/img40.png Graphic file (type png)
<use ./img/img40.png>
Package pdftex.def Info: ./img/img40.png  used on input line 344.
(pdftex.def)             Requested size: 426.79134pt x 252.24477pt.
File: ./img/logo.png Graphic file (type png)
<use ./img/logo.png>
Package pdftex.def Info: ./img/logo.png  used on input line 345.
(pdftex.def)             Requested size: 28.45274pt x 38.37714pt.


Package fancyhdr Warning: \headheight is too small (12.0pt): 
(fancyhdr)                Make it at least 24.54048pt, for example:
(fancyhdr)                \setlength{\headheight}{24.54048pt}.
(fancyhdr)                You might also make \topmargin smaller to compensate:
(fancyhdr)                \addtolength{\topmargin}{-12.54048pt}.

[24 <./img/img38.png> <./img/img39.png>]
Underfull \hbox (badness 10000) in paragraph at lines 348--350

 []

<./img/img41.png, id=299, 1076.52188pt x 636.12656pt>
File: ./img/img41.png Graphic file (type png)
<use ./img/img41.png>
Package pdftex.def Info: ./img/img41.png  used on input line 352.
(pdftex.def)             Requested size: 426.79134pt x 252.1942pt.
<./img/img42.png, id=300, 1075.76906pt x 633.86812pt>
File: ./img/img42.png Graphic file (type png)
<use ./img/img42.png>
Package pdftex.def Info: ./img/img42.png  used on input line 356.
(pdftex.def)             Requested size: 426.79134pt x 251.47295pt.
File: ./img/logo.png Graphic file (type png)
<use ./img/logo.png>
Package pdftex.def Info: ./img/logo.png  used on input line 357.
(pdftex.def)             Requested size: 28.45274pt x 38.37714pt.

Package fancyhdr Warning: \headheight is too small (12.0pt): 
(fancyhdr)                Make it at least 24.54048pt, for example:
(fancyhdr)                \setlength{\headheight}{24.54048pt}.
(fancyhdr)                You might also make \topmargin smaller to compensate:
(fancyhdr)                \addtolength{\topmargin}{-12.54048pt}.

[25 <./img/img40.png> <./img/img41.png>]
<./img/img43.png, id=309, 1075.01625pt x 635.37375pt>
File: ./img/img43.png Graphic file (type png)
<use ./img/img43.png>
Package pdftex.def Info: ./img/img43.png  used on input line 360.
(pdftex.def)             Requested size: 426.79134pt x 252.24477pt.
<./img/img44.png, id=310, 1075.76906pt x 634.62094pt>
File: ./img/img44.png Graphic file (type png)
<use ./img/img44.png>
Package pdftex.def Info: ./img/img44.png  used on input line 364.
(pdftex.def)             Requested size: 426.79134pt x 251.7716pt.
File: ./img/logo.png Graphic file (type png)
<use ./img/logo.png>
Package pdftex.def Info: ./img/logo.png  used on input line 365.
(pdftex.def)             Requested size: 28.45274pt x 38.37714pt.


Package fancyhdr Warning: \headheight is too small (12.0pt): 
(fancyhdr)                Make it at least 24.54048pt, for example:
(fancyhdr)                \setlength{\headheight}{24.54048pt}.
(fancyhdr)                You might also make \topmargin smaller to compensate:
(fancyhdr)                \addtolength{\topmargin}{-12.54048pt}.

[26 <./img/img42.png> <./img/img43.png>]
<./img/img45.png, id=320, 1075.01625pt x 634.62094pt>
File: ./img/img45.png Graphic file (type png)
<use ./img/img45.png>
Package pdftex.def Info: ./img/img45.png  used on input line 368.
(pdftex.def)             Requested size: 426.79134pt x 251.9459pt.
File: ./img/logo.png Graphic file (type png)
<use ./img/logo.png>
Package pdftex.def Info: ./img/logo.png  used on input line 374.
(pdftex.def)             Requested size: 28.45274pt x 38.37714pt.


Package fancyhdr Warning: \headheight is too small (12.0pt): 
(fancyhdr)                Make it at least 24.54048pt, for example:
(fancyhdr)                \setlength{\headheight}{24.54048pt}.
(fancyhdr)                You might also make \topmargin smaller to compensate:
(fancyhdr)                \addtolength{\topmargin}{-12.54048pt}.

[27 <./img/img44.png> <./img/img45.png>]
<./img/img46.png, id=328, 1075.01625pt x 631.60968pt>
File: ./img/img46.png Graphic file (type png)
<use ./img/img46.png>
Package pdftex.def Info: ./img/img46.png  used on input line 375.
(pdftex.def)             Requested size: 426.79134pt x 250.75043pt.
<./img/img47.png, id=329, 1078.78032pt x 635.37375pt>
File: ./img/img47.png Graphic file (type png)
<use ./img/img47.png>
Package pdftex.def Info: ./img/img47.png  used on input line 379.
(pdftex.def)             Requested size: 426.79134pt x 251.37222pt.
<./img/img48.png, id=330, 1074.26344pt x 635.37375pt>
File: ./img/img48.png Graphic file (type png)
<use ./img/img48.png>
Package pdftex.def Info: ./img/img48.png  used on input line 383.
(pdftex.def)             Requested size: 426.79134pt x 252.41928pt.
File: ./img/logo.png Graphic file (type png)
<use ./img/logo.png>
Package pdftex.def Info: ./img/logo.png  used on input line 384.
(pdftex.def)             Requested size: 28.45274pt x 38.37714pt.


Package fancyhdr Warning: \headheight is too small (12.0pt): 
(fancyhdr)                Make it at least 24.54048pt, for example:
(fancyhdr)                \setlength{\headheight}{24.54048pt}.
(fancyhdr)                You might also make \topmargin smaller to compensate:
(fancyhdr)                \addtolength{\topmargin}{-12.54048pt}.

[28 <./img/img46.png> <./img/img47.png>]
<./img/img49.png, id=340, 1077.27469pt x 633.86812pt>
File: ./img/img49.png Graphic file (type png)
<use ./img/img49.png>
Package pdftex.def Info: ./img/img49.png  used on input line 387.
(pdftex.def)             Requested size: 426.79134pt x 251.12474pt.
<./img/img50.png, id=341, 1076.52188pt x 636.87938pt>
File: ./img/img50.png Graphic file (type png)
<use ./img/img50.png>
Package pdftex.def Info: ./img/img50.png  used on input line 391.
(pdftex.def)             Requested size: 426.79134pt x 252.49266pt.
File: ./img/logo.png Graphic file (type png)
<use ./img/logo.png>
Package pdftex.def Info: ./img/logo.png  used on input line 392.
(pdftex.def)             Requested size: 28.45274pt x 38.37714pt.


Package fancyhdr Warning: \headheight is too small (12.0pt): 
(fancyhdr)                Make it at least 24.54048pt, for example:
(fancyhdr)                \setlength{\headheight}{24.54048pt}.
(fancyhdr)                You might also make \topmargin smaller to compensate:
(fancyhdr)                \addtolength{\topmargin}{-12.54048pt}.

[29 <./img/img48.png> <./img/img49.png>]
<./img/img51.png, id=350, 1076.52188pt x 635.37375pt>
File: ./img/img51.png Graphic file (type png)
<use ./img/img51.png>
Package pdftex.def Info: ./img/img51.png  used on input line 395.
(pdftex.def)             Requested size: 426.79134pt x 251.89575pt.
<./img/img52.png, id=351, 1075.76906pt x 635.37375pt>
File: ./img/img52.png Graphic file (type png)
<use ./img/img52.png>
Package pdftex.def Info: ./img/img52.png  used on input line 399.
(pdftex.def)             Requested size: 426.79134pt x 252.07027pt.
File: ./img/logo.png Graphic file (type png)
<use ./img/logo.png>
Package pdftex.def Info: ./img/logo.png  used on input line 400.
(pdftex.def)             Requested size: 28.45274pt x 38.37714pt.


Package fancyhdr Warning: \headheight is too small (12.0pt): 
(fancyhdr)                Make it at least 24.54048pt, for example:
(fancyhdr)                \setlength{\headheight}{24.54048pt}.
(fancyhdr)                You might also make \topmargin smaller to compensate:
(fancyhdr)                \addtolength{\topmargin}{-12.54048pt}.

[30 <./img/img50.png> <./img/img51.png>]
<./img/img53.png, id=361, 1075.01625pt x 599.23875pt>
File: ./img/img53.png Graphic file (type png)
<use ./img/img53.png>
Package pdftex.def Info: ./img/img53.png  used on input line 403.
(pdftex.def)             Requested size: 426.79134pt x 237.8991pt.
<./img/img54.png, id=362, 1075.01625pt x 599.23875pt>
File: ./img/img54.png Graphic file (type png)
<use ./img/img54.png>
Package pdftex.def Info: ./img/img54.png  used on input line 407.
(pdftex.def)             Requested size: 426.79134pt x 237.8991pt.
File: ./img/logo.png Graphic file (type png)
<use ./img/logo.png>
Package pdftex.def Info: ./img/logo.png  used on input line 408.
(pdftex.def)             Requested size: 28.45274pt x 38.37714pt.


Package fancyhdr Warning: \headheight is too small (12.0pt): 
(fancyhdr)                Make it at least 24.54048pt, for example:
(fancyhdr)                \setlength{\headheight}{24.54048pt}.
(fancyhdr)                You might also make \topmargin smaller to compensate:
(fancyhdr)                \addtolength{\topmargin}{-12.54048pt}.

[31 <./img/img52.png> <./img/img53.png>]
<./img/img55.png, id=371, 1075.76906pt x 596.98032pt>
File: ./img/img55.png Graphic file (type png)
<use ./img/img55.png>
Package pdftex.def Info: ./img/img55.png  used on input line 411.
(pdftex.def)             Requested size: 426.79134pt x 236.83853pt.
<./img/img56.png, id=372, 1077.27469pt x 597.73312pt>
File: ./img/img56.png Graphic file (type png)
<use ./img/img56.png>
Package pdftex.def Info: ./img/img56.png  used on input line 415.
(pdftex.def)             Requested size: 426.79134pt x 236.80884pt.
File: ./img/logo.png Graphic file (type png)
<use ./img/logo.png>
Package pdftex.def Info: ./img/logo.png  used on input line 416.
(pdftex.def)             Requested size: 28.45274pt x 38.37714pt.


Package fancyhdr Warning: \headheight is too small (12.0pt): 
(fancyhdr)                Make it at least 24.54048pt, for example:
(fancyhdr)                \setlength{\headheight}{24.54048pt}.
(fancyhdr)                You might also make \topmargin smaller to compensate:
(fancyhdr)                \addtolength{\topmargin}{-12.54048pt}.

[32 <./img/img54.png> <./img/img55.png>]
Underfull \hbox (badness 10000) in paragraph at lines 419--421

 []

<./img/img57.png, id=381, 1073.51062pt x 594.72188pt>
File: ./img/img57.png Graphic file (type png)
<use ./img/img57.png>
Package pdftex.def Info: ./img/img57.png  used on input line 423.
(pdftex.def)             Requested size: 426.79134pt x 236.44165pt.
<./img/img58.png, id=382, 1075.76906pt x 597.73312pt>
File: ./img/img58.png Graphic file (type png)
<use ./img/img58.png>
Package pdftex.def Info: ./img/img58.png  used on input line 427.
(pdftex.def)             Requested size: 426.79134pt x 237.13719pt.
File: ./img/logo.png Graphic file (type png)
<use ./img/logo.png>
Package pdftex.def Info: ./img/logo.png  used on input line 428.
(pdftex.def)             Requested size: 28.45274pt x 38.37714pt.

Package fancyhdr Warning: \headheight is too small (12.0pt): 
(fancyhdr)                Make it at least 24.54048pt, for example:
(fancyhdr)                \setlength{\headheight}{24.54048pt}.
(fancyhdr)                You might also make \topmargin smaller to compensate:
(fancyhdr)                \addtolength{\topmargin}{-12.54048pt}.

[33 <./img/img56.png> <./img/img57.png>]
<./img/img59.png, id=392, 1075.76906pt x 598.48593pt>
File: ./img/img59.png Graphic file (type png)
<use ./img/img59.png>
Package pdftex.def Info: ./img/img59.png  used on input line 431.
(pdftex.def)             Requested size: 426.79134pt x 237.43585pt.
<./img/img60.png, id=393, 1075.76906pt x 598.48593pt>
File: ./img/img60.png Graphic file (type png)
<use ./img/img60.png>
Package pdftex.def Info: ./img/img60.png  used on input line 435.
(pdftex.def)             Requested size: 426.79134pt x 237.43585pt.
File: ./img/logo.png Graphic file (type png)
<use ./img/logo.png>
Package pdftex.def Info: ./img/logo.png  used on input line 436.
(pdftex.def)             Requested size: 28.45274pt x 38.37714pt.


Package fancyhdr Warning: \headheight is too small (12.0pt): 
(fancyhdr)                Make it at least 24.54048pt, for example:
(fancyhdr)                \setlength{\headheight}{24.54048pt}.
(fancyhdr)                You might also make \topmargin smaller to compensate:
(fancyhdr)                \addtolength{\topmargin}{-12.54048pt}.

[34 <./img/img58.png> <./img/img59.png>]
<./img/img61.png, id=402, 1075.01625pt x 597.73312pt>
File: ./img/img61.png Graphic file (type png)
<use ./img/img61.png>
Package pdftex.def Info: ./img/img61.png  used on input line 439.
(pdftex.def)             Requested size: 426.79134pt x 237.30136pt.
<./img/img62.png, id=403, 1075.01625pt x 597.73312pt>
File: ./img/img62.png Graphic file (type png)
<use ./img/img62.png>
Package pdftex.def Info: ./img/img62.png  used on input line 443.
(pdftex.def)             Requested size: 426.79134pt x 237.30136pt.
File: ./img/logo.png Graphic file (type png)
<use ./img/logo.png>
Package pdftex.def Info: ./img/logo.png  used on input line 444.
(pdftex.def)             Requested size: 28.45274pt x 38.37714pt.


Package fancyhdr Warning: \headheight is too small (12.0pt): 
(fancyhdr)                Make it at least 24.54048pt, for example:
(fancyhdr)                \setlength{\headheight}{24.54048pt}.
(fancyhdr)                You might also make \topmargin smaller to compensate:
(fancyhdr)                \addtolength{\topmargin}{-12.54048pt}.

[35 <./img/img60.png> <./img/img61.png>]
<./img/img63.png, id=412, 1076.52188pt x 597.73312pt>
File: ./img/img63.png Graphic file (type png)
<use ./img/img63.png>
Package pdftex.def Info: ./img/img63.png  used on input line 447.
(pdftex.def)             Requested size: 426.79134pt x 236.973pt.
<./img/img64.png, id=413, 1076.52188pt x 599.99156pt>
File: ./img/img64.png Graphic file (type png)
<use ./img/img64.png>
Package pdftex.def Info: ./img/img64.png  used on input line 451.
(pdftex.def)             Requested size: 426.79134pt x 237.86838pt.
File: ./img/logo.png Graphic file (type png)
<use ./img/logo.png>
Package pdftex.def Info: ./img/logo.png  used on input line 452.
(pdftex.def)             Requested size: 28.45274pt x 38.37714pt.


Package fancyhdr Warning: \headheight is too small (12.0pt): 
(fancyhdr)                Make it at least 24.54048pt, for example:
(fancyhdr)                \setlength{\headheight}{24.54048pt}.
(fancyhdr)                You might also make \topmargin smaller to compensate:
(fancyhdr)                \addtolength{\topmargin}{-12.54048pt}.

[36 <./img/img62.png> <./img/img63.png>]
<./img/img65.png, id=423, 1076.52188pt x 597.73312pt>
File: ./img/img65.png Graphic file (type png)
<use ./img/img65.png>
Package pdftex.def Info: ./img/img65.png  used on input line 455.
(pdftex.def)             Requested size: 426.79134pt x 236.973pt.
<./img/img66.png, id=424, 1077.27469pt x 597.73312pt>
File: ./img/img66.png Graphic file (type png)
<use ./img/img66.png>
Package pdftex.def Info: ./img/img66.png  used on input line 459.
(pdftex.def)             Requested size: 426.79134pt x 236.80884pt.
File: ./img/logo.png Graphic file (type png)
<use ./img/logo.png>
Package pdftex.def Info: ./img/logo.png  used on input line 460.
(pdftex.def)             Requested size: 28.45274pt x 38.37714pt.


Package fancyhdr Warning: \headheight is too small (12.0pt): 
(fancyhdr)                Make it at least 24.54048pt, for example:
(fancyhdr)                \setlength{\headheight}{24.54048pt}.
(fancyhdr)                You might also make \topmargin smaller to compensate:
(fancyhdr)                \addtolength{\topmargin}{-12.54048pt}.

[37 <./img/img64.png> <./img/img65.png>]
<./img/img67.png, id=433, 1075.76906pt x 596.2275pt>
File: ./img/img67.png Graphic file (type png)
<use ./img/img67.png>
Package pdftex.def Info: ./img/img67.png  used on input line 469.
(pdftex.def)             Requested size: 426.79134pt x 236.53987pt.
<./img/img68.png, id=434, 1075.76906pt x 599.99156pt>
File: ./img/img68.png Graphic file (type png)
<use ./img/img68.png>
Package pdftex.def Info: ./img/img68.png  used on input line 473.
(pdftex.def)             Requested size: 426.79134pt x 238.03317pt.
File: ./img/logo.png Graphic file (type png)
<use ./img/logo.png>
Package pdftex.def Info: ./img/logo.png  used on input line 474.
(pdftex.def)             Requested size: 28.45274pt x 38.37714pt.


Package fancyhdr Warning: \headheight is too small (12.0pt): 
(fancyhdr)                Make it at least 24.54048pt, for example:
(fancyhdr)                \setlength{\headheight}{24.54048pt}.
(fancyhdr)                You might also make \topmargin smaller to compensate:
(fancyhdr)                \addtolength{\topmargin}{-12.54048pt}.

[38 <./img/img66.png> <./img/img67.png>]
<./img/img69.png, id=444, 1076.52188pt x 598.48593pt>
File: ./img/img69.png Graphic file (type png)
<use ./img/img69.png>
Package pdftex.def Info: ./img/img69.png  used on input line 477.
(pdftex.def)             Requested size: 426.79134pt x 237.27147pt.
<./img/img70.png, id=445, 1075.01625pt x 596.98032pt>
File: ./img/img70.png Graphic file (type png)
<use ./img/img70.png>
Package pdftex.def Info: ./img/img70.png  used on input line 481.
(pdftex.def)             Requested size: 426.79134pt x 237.00249pt.
File: ./img/logo.png Graphic file (type png)
<use ./img/logo.png>
Package pdftex.def Info: ./img/logo.png  used on input line 482.
(pdftex.def)             Requested size: 28.45274pt x 38.37714pt.


Package fancyhdr Warning: \headheight is too small (12.0pt): 
(fancyhdr)                Make it at least 24.54048pt, for example:
(fancyhdr)                \setlength{\headheight}{24.54048pt}.
(fancyhdr)                You might also make \topmargin smaller to compensate:
(fancyhdr)                \addtolength{\topmargin}{-12.54048pt}.

[39 <./img/img68.png> <./img/img69.png>]
<./img/img71.png, id=454, 1075.76906pt x 597.73312pt>
File: ./img/img71.png Graphic file (type png)
<use ./img/img71.png>
Package pdftex.def Info: ./img/img71.png  used on input line 485.
(pdftex.def)             Requested size: 426.79134pt x 237.13719pt.
<./img/img72.png, id=455, 1075.01625pt x 599.99156pt>
File: ./img/img72.png Graphic file (type png)
<use ./img/img72.png>
Package pdftex.def Info: ./img/img72.png  used on input line 489.
(pdftex.def)             Requested size: 426.79134pt x 238.19797pt.
File: ./img/logo.png Graphic file (type png)
<use ./img/logo.png>
Package pdftex.def Info: ./img/logo.png  used on input line 490.
(pdftex.def)             Requested size: 28.45274pt x 38.37714pt.


Package fancyhdr Warning: \headheight is too small (12.0pt): 
(fancyhdr)                Make it at least 24.54048pt, for example:
(fancyhdr)                \setlength{\headheight}{24.54048pt}.
(fancyhdr)                You might also make \topmargin smaller to compensate:
(fancyhdr)                \addtolength{\topmargin}{-12.54048pt}.

[40 <./img/img70.png> <./img/img71.png>]
<./img/img73.png, id=464, 1075.01625pt x 597.73312pt>
File: ./img/img73.png Graphic file (type png)
<use ./img/img73.png>
Package pdftex.def Info: ./img/img73.png  used on input line 493.
(pdftex.def)             Requested size: 426.79134pt x 237.30136pt.
<./img/img74.png, id=465, 1075.01625pt x 596.98032pt>
File: ./img/img74.png Graphic file (type png)
<use ./img/img74.png>
Package pdftex.def Info: ./img/img74.png  used on input line 497.
(pdftex.def)             Requested size: 426.79134pt x 237.00249pt.
File: ./img/logo.png Graphic file (type png)
<use ./img/logo.png>
Package pdftex.def Info: ./img/logo.png  used on input line 498.
(pdftex.def)             Requested size: 28.45274pt x 38.37714pt.


Package fancyhdr Warning: \headheight is too small (12.0pt): 
(fancyhdr)                Make it at least 24.54048pt, for example:
(fancyhdr)                \setlength{\headheight}{24.54048pt}.
(fancyhdr)                You might also make \topmargin smaller to compensate:
(fancyhdr)                \addtolength{\topmargin}{-12.54048pt}.

[41 <./img/img72.png> <./img/img73.png>]
<./img/img75.png, id=474, 1076.52188pt x 598.48593pt>
File: ./img/img75.png Graphic file (type png)
<use ./img/img75.png>
Package pdftex.def Info: ./img/img75.png  used on input line 501.
(pdftex.def)             Requested size: 426.79134pt x 237.27147pt.
<./img/img76.png, id=475, 1077.27469pt x 596.2275pt>
File: ./img/img76.png Graphic file (type png)
<use ./img/img76.png>
Package pdftex.def Info: ./img/img76.png  used on input line 505.
(pdftex.def)             Requested size: 426.79134pt x 236.21234pt.
File: ./img/logo.png Graphic file (type png)
<use ./img/logo.png>
Package pdftex.def Info: ./img/logo.png  used on input line 506.
(pdftex.def)             Requested size: 28.45274pt x 38.37714pt.


Package fancyhdr Warning: \headheight is too small (12.0pt): 
(fancyhdr)                Make it at least 24.54048pt, for example:
(fancyhdr)                \setlength{\headheight}{24.54048pt}.
(fancyhdr)                You might also make \topmargin smaller to compensate:
(fancyhdr)                \addtolength{\topmargin}{-12.54048pt}.

[42 <./img/img74.png> <./img/img75.png>]
<./img/img77.png, id=485, 1076.52188pt x 597.73312pt>
File: ./img/img77.png Graphic file (type png)
<use ./img/img77.png>
Package pdftex.def Info: ./img/img77.png  used on input line 509.
(pdftex.def)             Requested size: 426.79134pt x 236.973pt.
<./img/img78.png, id=486, 1075.01625pt x 598.48593pt>
File: ./img/img78.png Graphic file (type png)
<use ./img/img78.png>
Package pdftex.def Info: ./img/img78.png  used on input line 513.
(pdftex.def)             Requested size: 426.79134pt x 237.60022pt.
File: ./img/logo.png Graphic file (type png)
<use ./img/logo.png>
Package pdftex.def Info: ./img/logo.png  used on input line 514.
(pdftex.def)             Requested size: 28.45274pt x 38.37714pt.


Package fancyhdr Warning: \headheight is too small (12.0pt): 
(fancyhdr)                Make it at least 24.54048pt, for example:
(fancyhdr)                \setlength{\headheight}{24.54048pt}.
(fancyhdr)                You might also make \topmargin smaller to compensate:
(fancyhdr)                \addtolength{\topmargin}{-12.54048pt}.

[43 <./img/img76.png> <./img/img77.png>]
<./img/img79.png, id=495, 1075.76906pt x 597.73312pt>
File: ./img/img79.png Graphic file (type png)
<use ./img/img79.png>
Package pdftex.def Info: ./img/img79.png  used on input line 517.
(pdftex.def)             Requested size: 426.79134pt x 237.13719pt.
<./img/img80.png, id=496, 1077.27469pt x 596.2275pt>
File: ./img/img80.png Graphic file (type png)
<use ./img/img80.png>
Package pdftex.def Info: ./img/img80.png  used on input line 521.
(pdftex.def)             Requested size: 426.79134pt x 236.21234pt.
File: ./img/logo.png Graphic file (type png)
<use ./img/logo.png>
Package pdftex.def Info: ./img/logo.png  used on input line 522.
(pdftex.def)             Requested size: 28.45274pt x 38.37714pt.


Package fancyhdr Warning: \headheight is too small (12.0pt): 
(fancyhdr)                Make it at least 24.54048pt, for example:
(fancyhdr)                \setlength{\headheight}{24.54048pt}.
(fancyhdr)                You might also make \topmargin smaller to compensate:
(fancyhdr)                \addtolength{\topmargin}{-12.54048pt}.

[44 <./img/img78.png> <./img/img79.png>]
Underfull \hbox (badness 10000) in paragraph at lines 525--527

 []

<./img/img81.png, id=505, 1075.01625pt x 597.73312pt>
File: ./img/img81.png Graphic file (type png)
<use ./img/img81.png>
Package pdftex.def Info: ./img/img81.png  used on input line 529.
(pdftex.def)             Requested size: 426.79134pt x 237.30136pt.
<./img/img82.png, id=506, 1078.78032pt x 593.96906pt>
File: ./img/img82.png Graphic file (type png)
<use ./img/img82.png>
Package pdftex.def Info: ./img/img82.png  used on input line 533.
(pdftex.def)             Requested size: 426.79134pt x 234.99133pt.
File: ./img/logo.png Graphic file (type png)
<use ./img/logo.png>
Package pdftex.def Info: ./img/logo.png  used on input line 534.
(pdftex.def)             Requested size: 28.45274pt x 38.37714pt.

Package fancyhdr Warning: \headheight is too small (12.0pt): 
(fancyhdr)                Make it at least 24.54048pt, for example:
(fancyhdr)                \setlength{\headheight}{24.54048pt}.
(fancyhdr)                You might also make \topmargin smaller to compensate:
(fancyhdr)                \addtolength{\topmargin}{-12.54048pt}.

[45 <./img/img80.png> <./img/img81.png>]
<./img/img83.png, id=516, 1078.0275pt x 598.48593pt>
File: ./img/img83.png Graphic file (type png)
<use ./img/img83.png>
Package pdftex.def Info: ./img/img83.png  used on input line 537.
(pdftex.def)             Requested size: 426.79134pt x 236.9427pt.
<./img/img84.png, id=517, 1075.01625pt x 599.23875pt>
File: ./img/img84.png Graphic file (type png)
<use ./img/img84.png>
Package pdftex.def Info: ./img/img84.png  used on input line 541.
(pdftex.def)             Requested size: 426.79134pt x 237.8991pt.
File: ./img/logo.png Graphic file (type png)
<use ./img/logo.png>
Package pdftex.def Info: ./img/logo.png  used on input line 542.
(pdftex.def)             Requested size: 28.45274pt x 38.37714pt.


Package fancyhdr Warning: \headheight is too small (12.0pt): 
(fancyhdr)                Make it at least 24.54048pt, for example:
(fancyhdr)                \setlength{\headheight}{24.54048pt}.
(fancyhdr)                You might also make \topmargin smaller to compensate:
(fancyhdr)                \addtolength{\topmargin}{-12.54048pt}.

[46 <./img/img82.png> <./img/img83.png>]
<./img/img85.png, id=527, 1075.76906pt x 623.32875pt>
File: ./img/img85.png Graphic file (type png)
<use ./img/img85.png>
Package pdftex.def Info: ./img/img85.png  used on input line 545.
(pdftex.def)             Requested size: 426.79134pt x 247.29167pt.
<./img/img86.png, id=528, 1075.76906pt x 624.08156pt>
File: ./img/img86.png Graphic file (type png)
<use ./img/img86.png>
Package pdftex.def Info: ./img/img86.png  used on input line 549.
(pdftex.def)             Requested size: 426.79134pt x 247.59033pt.
File: ./img/logo.png Graphic file (type png)
<use ./img/logo.png>
Package pdftex.def Info: ./img/logo.png  used on input line 550.
(pdftex.def)             Requested size: 28.45274pt x 38.37714pt.


Package fancyhdr Warning: \headheight is too small (12.0pt): 
(fancyhdr)                Make it at least 24.54048pt, for example:
(fancyhdr)                \setlength{\headheight}{24.54048pt}.
(fancyhdr)                You might also make \topmargin smaller to compensate:
(fancyhdr)                \addtolength{\topmargin}{-12.54048pt}.

[47 <./img/img84.png> <./img/img85.png>]
Underfull \hbox (badness 10000) in paragraph at lines 557--557

 []

<./img/img87.png, id=537, 1075.01625pt x 626.34pt>
File: ./img/img87.png Graphic file (type png)
<use ./img/img87.png>
Package pdftex.def Info: ./img/img87.png  used on input line 559.
(pdftex.def)             Requested size: 426.79134pt x 248.65834pt.
File: ./img/logo.png Graphic file (type png)
<use ./img/logo.png>
Package pdftex.def Info: ./img/logo.png  used on input line 560.
(pdftex.def)             Requested size: 28.45274pt x 38.37714pt.

Package fancyhdr Warning: \headheight is too small (12.0pt): 
(fancyhdr)                Make it at least 24.54048pt, for example:
(fancyhdr)                \setlength{\headheight}{24.54048pt}.
(fancyhdr)                You might also make \topmargin smaller to compensate:
(fancyhdr)                \addtolength{\topmargin}{-12.54048pt}.

[48 <./img/img86.png>]
<./img/img88.png, id=546, 1073.51062pt x 624.08156pt>
File: ./img/img88.png Graphic file (type png)
<use ./img/img88.png>
Package pdftex.def Info: ./img/img88.png  used on input line 563.
(pdftex.def)             Requested size: 426.79134pt x 248.11409pt.
<./img/img89.png, id=547, 1075.01625pt x 624.83438pt>
File: ./img/img89.png Graphic file (type png)
<use ./img/img89.png>
Package pdftex.def Info: ./img/img89.png  used on input line 567.
(pdftex.def)             Requested size: 426.79134pt x 248.06062pt.
File: ./img/logo.png Graphic file (type png)
<use ./img/logo.png>
Package pdftex.def Info: ./img/logo.png  used on input line 568.
(pdftex.def)             Requested size: 28.45274pt x 38.37714pt.


Package fancyhdr Warning: \headheight is too small (12.0pt): 
(fancyhdr)                Make it at least 24.54048pt, for example:
(fancyhdr)                \setlength{\headheight}{24.54048pt}.
(fancyhdr)                You might also make \topmargin smaller to compensate:
(fancyhdr)                \addtolength{\topmargin}{-12.54048pt}.

[49 <./img/img87.png> <./img/img88.png>]
<./img/img90.png, id=556, 1075.01625pt x 626.34pt>
File: ./img/img90.png Graphic file (type png)
<use ./img/img90.png>
Package pdftex.def Info: ./img/img90.png  used on input line 571.
(pdftex.def)             Requested size: 426.79134pt x 248.65834pt.
<./img/img91.png, id=557, 1075.01625pt x 623.32875pt>
File: ./img/img91.png Graphic file (type png)
<use ./img/img91.png>
Package pdftex.def Info: ./img/img91.png  used on input line 575.
(pdftex.def)             Requested size: 426.79134pt x 247.46288pt.
File: ./img/logo.png Graphic file (type png)
<use ./img/logo.png>
Package pdftex.def Info: ./img/logo.png  used on input line 576.
(pdftex.def)             Requested size: 28.45274pt x 38.37714pt.


Package fancyhdr Warning: \headheight is too small (12.0pt): 
(fancyhdr)                Make it at least 24.54048pt, for example:
(fancyhdr)                \setlength{\headheight}{24.54048pt}.
(fancyhdr)                You might also make \topmargin smaller to compensate:
(fancyhdr)                \addtolength{\topmargin}{-12.54048pt}.

[50 <./img/img89.png> <./img/img90.png>]
<./img/img92.png, id=566, 1076.52188pt x 623.32875pt>
File: ./img/img92.png Graphic file (type png)
<use ./img/img92.png>
Package pdftex.def Info: ./img/img92.png  used on input line 579.
(pdftex.def)             Requested size: 426.79134pt x 247.12047pt.

Underfull \hbox (badness 10000) in paragraph at lines 583--585

 []

<./img/img93.png, id=567, 1075.01625pt x 622.57594pt>
File: ./img/img93.png Graphic file (type png)
<use ./img/img93.png>
Package pdftex.def Info: ./img/img93.png  used on input line 587.
(pdftex.def)             Requested size: 426.79134pt x 247.16402pt.
File: ./img/logo.png Graphic file (type png)
<use ./img/logo.png>
Package pdftex.def Info: ./img/logo.png  used on input line 588.
(pdftex.def)             Requested size: 28.45274pt x 38.37714pt.

Package fancyhdr Warning: \headheight is too small (12.0pt): 
(fancyhdr)                Make it at least 24.54048pt, for example:
(fancyhdr)                \setlength{\headheight}{24.54048pt}.
(fancyhdr)                You might also make \topmargin smaller to compensate:
(fancyhdr)                \addtolength{\topmargin}{-12.54048pt}.

[51 <./img/img91.png> <./img/img92.png>]
<./img/img94.png, id=577, 1075.76906pt x 623.32875pt>
File: ./img/img94.png Graphic file (type png)
<use ./img/img94.png>
Package pdftex.def Info: ./img/img94.png  used on input line 591.
(pdftex.def)             Requested size: 426.79134pt x 247.29167pt.
<./img/img95.png, id=578, 1075.76906pt x 623.32875pt>
File: ./img/img95.png Graphic file (type png)
<use ./img/img95.png>
Package pdftex.def Info: ./img/img95.png  used on input line 595.
(pdftex.def)             Requested size: 426.79134pt x 247.29167pt.
File: ./img/logo.png Graphic file (type png)
<use ./img/logo.png>
Package pdftex.def Info: ./img/logo.png  used on input line 596.
(pdftex.def)             Requested size: 28.45274pt x 38.37714pt.


Package fancyhdr Warning: \headheight is too small (12.0pt): 
(fancyhdr)                Make it at least 24.54048pt, for example:
(fancyhdr)                \setlength{\headheight}{24.54048pt}.
(fancyhdr)                You might also make \topmargin smaller to compensate:
(fancyhdr)                \addtolength{\topmargin}{-12.54048pt}.

[52 <./img/img93.png> <./img/img94.png>]
<./img/img96.png, id=587, 1075.76906pt x 624.08156pt>
File: ./img/img96.png Graphic file (type png)
<use ./img/img96.png>
Package pdftex.def Info: ./img/img96.png  used on input line 599.
(pdftex.def)             Requested size: 426.79134pt x 247.59033pt.
<./img/img97.png, id=588, 1075.01625pt x 622.57594pt>
File: ./img/img97.png Graphic file (type png)
<use ./img/img97.png>
Package pdftex.def Info: ./img/img97.png  used on input line 603.
(pdftex.def)             Requested size: 426.79134pt x 247.16402pt.
File: ./img/logo.png Graphic file (type png)
<use ./img/logo.png>
Package pdftex.def Info: ./img/logo.png  used on input line 604.
(pdftex.def)             Requested size: 28.45274pt x 38.37714pt.


Package fancyhdr Warning: \headheight is too small (12.0pt): 
(fancyhdr)                Make it at least 24.54048pt, for example:
(fancyhdr)                \setlength{\headheight}{24.54048pt}.
(fancyhdr)                You might also make \topmargin smaller to compensate:
(fancyhdr)                \addtolength{\topmargin}{-12.54048pt}.

[53 <./img/img95.png> <./img/img96.png>]
<./img/img98.png, id=597, 1076.52188pt x 620.3175pt>
File: ./img/img98.png Graphic file (type png)
<use ./img/img98.png>
Package pdftex.def Info: ./img/img98.png  used on input line 607.
(pdftex.def)             Requested size: 426.79134pt x 245.92667pt.
<./img/img99.png, id=598, 1075.01625pt x 625.58719pt>
File: ./img/img99.png Graphic file (type png)
<use ./img/img99.png>
Package pdftex.def Info: ./img/img99.png  used on input line 611.
(pdftex.def)             Requested size: 426.79134pt x 248.35948pt.
File: ./img/logo.png Graphic file (type png)
<use ./img/logo.png>
Package pdftex.def Info: ./img/logo.png  used on input line 612.
(pdftex.def)             Requested size: 28.45274pt x 38.37714pt.


Package fancyhdr Warning: \headheight is too small (12.0pt): 
(fancyhdr)                Make it at least 24.54048pt, for example:
(fancyhdr)                \setlength{\headheight}{24.54048pt}.
(fancyhdr)                You might also make \topmargin smaller to compensate:
(fancyhdr)                \addtolength{\topmargin}{-12.54048pt}.

[54 <./img/img97.png> <./img/img98.png>]
<./img/img100.png, id=608, 1075.76906pt x 624.83438pt>
File: ./img/img100.png Graphic file (type png)
<use ./img/img100.png>
Package pdftex.def Info: ./img/img100.png  used on input line 615.
(pdftex.def)             Requested size: 426.79134pt x 247.889pt.
<./img/img101.png, id=609, 1073.51062pt x 621.07031pt>
File: ./img/img101.png Graphic file (type png)
<use ./img/img101.png>
Package pdftex.def Info: ./img/img101.png  used on input line 619.
(pdftex.def)             Requested size: 426.79134pt x 246.91692pt.
File: ./img/logo.png Graphic file (type png)
<use ./img/logo.png>
Package pdftex.def Info: ./img/logo.png  used on input line 620.
(pdftex.def)             Requested size: 28.45274pt x 38.37714pt.


Package fancyhdr Warning: \headheight is too small (12.0pt): 
(fancyhdr)                Make it at least 24.54048pt, for example:
(fancyhdr)                \setlength{\headheight}{24.54048pt}.
(fancyhdr)                You might also make \topmargin smaller to compensate:
(fancyhdr)                \addtolength{\topmargin}{-12.54048pt}.

[55 <./img/img99.png> <./img/img100.png>]
File: ./img/logo.png Graphic file (type png)
<use ./img/logo.png>
Package pdftex.def Info: ./img/logo.png  used on input line 623.
(pdftex.def)             Requested size: 28.45274pt x 38.37714pt.


Package fancyhdr Warning: \headheight is too small (12.0pt): 
(fancyhdr)                Make it at least 24.54048pt, for example:
(fancyhdr)                \setlength{\headheight}{24.54048pt}.
(fancyhdr)                You might also make \topmargin smaller to compensate:
(fancyhdr)                \addtolength{\topmargin}{-12.54048pt}.

[56 <./img/img101.png>]
File: ./img/logo.png Graphic file (type png)
<use ./img/logo.png>
Package pdftex.def Info: ./img/logo.png  used on input line 630.
(pdftex.def)             Requested size: 28.45274pt x 38.37714pt.


Package fancyhdr Warning: \headheight is too small (12.0pt): 
(fancyhdr)                Make it at least 24.54048pt, for example:
(fancyhdr)                \setlength{\headheight}{24.54048pt}.
(fancyhdr)                You might also make \topmargin smaller to compensate:
(fancyhdr)                \addtolength{\topmargin}{-12.54048pt}.

[57]
Overfull \hbox (51.99112pt too wide) in paragraph at lines 633--635
\OT1/phv/m/n/12 Recuperado de [][]$\OT1/cmtt/m/n/12 https : / / www . datacamp . com / community / tutorials / data-[]visualisation-[]tableau$[][] 
 []


Overfull \hbox (45.31612pt too wide) in paragraph at lines 635--637
\OT1/phv/m/n/12 Recuperado de [][]$\OT1/cmtt/m/n/12 https : / / www . tableau . com / es-[]es / support / help ? _ga = 2 . 265900495 . 1177855510 .
 []

File: ./img/logo.png Graphic file (type png)
<use ./img/logo.png>
Package pdftex.def Info: ./img/logo.png  used on input line 638.
(pdftex.def)             Requested size: 28.45274pt x 38.37714pt.

Package fancyhdr Warning: \headheight is too small (12.0pt): 
(fancyhdr)                Make it at least 24.54048pt, for example:
(fancyhdr)                \setlength{\headheight}{24.54048pt}.
(fancyhdr)                You might also make \topmargin smaller to compensate:
(fancyhdr)                \addtolength{\topmargin}{-12.54048pt}.

[58] (c:\Users\abrah\OneDrive\Documents\Code\latex\L01_Lipa_Calabilla\build\informe.aux
LaTeX Info: Redefining \. on input line 25.
LaTeX Info: Redefining \% on input line 25.
 (c:\Users\abrah\OneDrive\Documents\Code\latex\L01_Lipa_Calabilla\build\Secciones/articulo.aux))
Package rerunfilecheck Info: File `informe.out' has not changed.
(rerunfilecheck)             Checksum: F457AAFFAAFE70F082B3C2F8232C3301;675.
 ) 
Here is how much of TeX's memory you used:
 9627 strings out of 480185
 143102 string characters out of 2889015
 478516 words of memory out of 3000000
 25754 multiletter control sequences out of 15000+200000
 553576 words of font info for 60 fonts, out of 3000000 for 9000
 1141 hyphenation exceptions out of 8191
 60i,17n,70p,736b,587s stack positions out of 5000i,500n,10000p,200000b,50000s
{C:/Program Files/MiKTeX/fonts/enc/dvips/base/8r.enc}<C:/Program Files/MiKTeX/fonts/type1/public/amsfonts/cm/cmmi12.pfb><C:/Program Files/MiKTeX/fonts/type1/public/amsfonts/cm/cmr12.pfb><C:/Program Files/MiKTeX/fonts/type1/public/amsfonts/cm/cmsy10.pfb><C:/Program Files/MiKTeX/fonts/type1/public/amsfonts/cm/cmtt12.pfb><C:/Program Files/MiKTeX/fonts/type1/urw/helvetic/uhvb8a.pfb><C:/Program Files/MiKTeX/fonts/type1/urw/helvetic/uhvbo8a.pfb><C:/Program Files/MiKTeX/fonts/type1/urw/helvetic/uhvr8a.pfb><C:/Program Files/MiKTeX/fonts/type1/urw/helvetic/uhvro8a.pfb>
Output written on c:\Users\abrah\OneDrive\Documents\Code\latex\L01_Lipa_Calabilla\build\informe.pdf (59 pages, 11429242 bytes).
PDF statistics:
 704 PDF objects out of 1000 (max. 8388607)
 182 named destinations out of 1000 (max. 500000)
 607 words of extra memory for PDF output out of 10000 (max. 10000000)

